<?xml version="1.0" encoding="UTF-8"?>
<!-- Generated by org.testng.reporters.JUnitXMLReporter -->
<testsuite hostname="ABHALERAO2D1" ignored="0" name="FREE CRM Application Test" tests="6" failures="0" timestamp="29 Jun 2018 12:32:54 GMT" time="115.087" errors="0">
  <testcase name="loginPageTitleTest" time="0.019" classname="com.crm.qa.testCases.LoginPageTest"/>
  <testcase name="verifyHomePageTitelTest" time="0.01" classname="com.crm.qa.testCases.HomePageTest"/>
  <testcase name="crmLogoImageTest" time="0.054" classname="com.crm.qa.testCases.LoginPageTest"/>
  <testcase name="verifyCorrectUserNameLabel" time="0.184" classname="com.crm.qa.testCases.HomePageTest"/>
  <testcase name="loginTest" time="18.757" classname="com.crm.qa.testCases.LoginPageTest"/>
  <testcase name="verifyContactsLinkText" time="2.328" classname="com.crm.qa.testCases.HomePageTest"/>
</testsuite> <!-- FREE CRM Application Test -->
