<?xml version="1.0" encoding="UTF-8"?>
<!-- Generated by org.testng.reporters.JUnitXMLReporter -->
<testsuite hostname="ABHALERAO2D1" ignored="3" name="Default test" tests="1" failures="0" timestamp="29 Jun 2018 13:30:24 GMT" time="26.993" errors="0">
  <testcase name="validateCreateNewContact" time="3.646" classname="com.crm.qa.testCases.ContactsPageTest"/>
  <testcase name="selectMultipleContactText" time="0.0" classname="com.crm.qa.testCases.ContactsPageTest">
    <ignored/>
  </testcase> <!-- selectMultipleContactText -->
  <testcase name="selectContactText" time="0.0" classname="com.crm.qa.testCases.ContactsPageTest">
    <ignored/>
  </testcase> <!-- selectContactText -->
  <testcase name="verifyContactsPageLabel" time="0.0" classname="com.crm.qa.testCases.ContactsPageTest">
    <ignored/>
  </testcase> <!-- verifyContactsPageLabel -->
</testsuite> <!-- Default test -->
