<?xml version="1.0" encoding="UTF-8"?>
<testng-results skipped="0" failed="0" ignored="3" total="4" passed="1">
  <reporter-output>
  </reporter-output>
  <suite name="Default suite" duration-ms="26993" started-at="2018-06-29T13:29:57Z" finished-at="2018-06-29T13:30:24Z">
    <groups>
    </groups>
    <test name="Default test" duration-ms="26993" started-at="2018-06-29T13:29:57Z" finished-at="2018-06-29T13:30:24Z">
      <class name="com.crm.qa.testCases.ContactsPageTest">
        <test-method status="PASS" signature="setUp()[pri:0, instance:com.crm.qa.testCases.ContactsPageTest@685cb137]" name="setUp" is-config="true" duration-ms="21241" started-at="2018-06-29T18:59:57Z" finished-at="2018-06-29T19:00:18Z">
          <reporter-output>
          </reporter-output>
        </test-method> <!-- setUp -->
        <test-method status="PASS" signature="validateCreateNewContact()[pri:4, instance:com.crm.qa.testCases.ContactsPageTest@685cb137]" name="validateCreateNewContact" duration-ms="3646" started-at="2018-06-29T19:00:18Z" finished-at="2018-06-29T19:00:22Z">
          <reporter-output>
          </reporter-output>
        </test-method> <!-- validateCreateNewContact -->
        <test-method status="PASS" signature="tearDown()[pri:0, instance:com.crm.qa.testCases.ContactsPageTest@685cb137]" name="tearDown" is-config="true" duration-ms="2081" started-at="2018-06-29T19:00:22Z" finished-at="2018-06-29T19:00:24Z">
          <reporter-output>
          </reporter-output>
        </test-method> <!-- tearDown -->
      </class> <!-- com.crm.qa.testCases.ContactsPageTest -->
    </test> <!-- Default test -->
  </suite> <!-- Default suite -->
</testng-results>
